<?xml version="1.0" encoding="UTF-8"?>
<!-- Generated by org.testng.reporters.JUnitReportReporter -->
<testsuite hostname="PRASADA-E4310" name="driverscript.DriverScript" tests="1" failures="0" timestamp="23 May 2014 12:23:00 GMT" time="102.034" errors="0">
  <testcase name="driverScript" time="102.034" classname="driverscript.DriverScript"/>
</testsuite> <!-- driverscript.DriverScript -->
